[debug] [2022-06-28T09:03:47.865Z] ----------------------------------------------------------------------
[debug] [2022-06-28T09:03:47.867Z] Command:       C:\Program Files\nodejs\node.exe C:\Users\User\AppData\Roaming\npm\node_modules\firebase-tools\lib\bin\firebase.js init
[debug] [2022-06-28T09:03:47.868Z] CLI Version:   10.0.1
[debug] [2022-06-28T09:03:47.868Z] Platform:      win32
[debug] [2022-06-28T09:03:47.868Z] Node Version:  v14.17.5
[debug] [2022-06-28T09:03:47.897Z] Time:          Tue Jun 28 2022 21:03:47 GMT+1200 (New Zealand Standard Time)
[debug] [2022-06-28T09:03:47.897Z] ----------------------------------------------------------------------
[debug] 
[debug] [2022-06-28T09:03:47.901Z] >>> [apiv2][query] GET https://firebase-public.firebaseio.com/cli.json [none]
[debug] [2022-06-28T09:03:47.925Z] > command requires scopes: ["email","openid","https://www.googleapis.com/auth/cloudplatformprojects.readonly","https://www.googleapis.com/auth/firebase","https://www.googleapis.com/auth/cloud-platform"]
[debug] [2022-06-28T09:03:47.925Z] > authorizing via signed-in user (alexjwhitex@gmail.com)
[info] 
     ######## #### ########  ######## ########     ###     ######  ########
     ##        ##  ##     ## ##       ##     ##  ##   ##  ##       ##
     ######    ##  ########  ######   ########  #########  ######  ######
     ##        ##  ##    ##  ##       ##     ## ##     ##       ## ##
     ##       #### ##     ## ######## ########  ##     ##  ######  ########

You're about to initialize a Firebase project in this directory:

  C:\Projects\Fireship-blogApp\nextfire

Before we get started, keep in mind:

  * You are currently outside your home directory

[debug] [2022-06-28T09:03:48.743Z] <<< [apiv2][status] GET https://firebase-public.firebaseio.com/cli.json 200
[debug] [2022-06-28T09:03:48.743Z] <<< [apiv2][body] GET https://firebase-public.firebaseio.com/cli.json {"cloudBuildErrorAfter":1594252800000,"cloudBuildWarnAfter":1590019200000,"defaultNode10After":1594252800000,"minVersion":"3.0.5","node8DeploysDisabledAfter":1613390400000,"node8RuntimeDisabledAfter":1615809600000,"node8WarnAfter":1600128000000}
